<?xml version="1.0" encoding="UTF-8"?>
<!-- Generated by org.testng.reporters.JUnitReportReporter -->
<testsuite hostname="PRAMODTP" failures="0" tests="1" name="CreateEmployee.Createempoyeetest" time="0.019" errors="0" timestamp="2022-03-14T10:38:30 IST" skipped="0">
  <testcase classname="CreateEmployee.Createempoyeetest" name="CreateEmployee" time="0.019"/>
  <system-out/>
</testsuite> <!-- CreateEmployee.Createempoyeetest -->
