<?xml version="1.0" encoding="UTF-8"?>
<!-- Generated by org.testng.reporters.JUnitReportReporter -->
<testsuite hostname="PRAMODTP" failures="0" tests="1" name="CreateEmployee.ReadDatafromCommandtest" time="0.019" errors="0" timestamp="2022-03-14T22:50:27 IST" skipped="0">
  <testcase classname="CreateEmployee.ReadDatafromCommandtest" name="readatatest" time="0.019"/>
  <system-out/>
</testsuite> <!-- CreateEmployee.ReadDatafromCommandtest -->
