<?xml version="1.0" encoding="UTF-8"?>
<!-- Generated by org.testng.reporters.JUnitReportReporter -->
<testsuite hostname="PRAMODTP" failures="0" tests="1" name="CreateEmployee.ReadDatafromCommand" time="0.020" errors="0" timestamp="2022-03-14T10:36:32 IST" skipped="0">
  <testcase classname="CreateEmployee.ReadDatafromCommand" name="readatatest" time="0.020"/>
  <system-out/>
</testsuite> <!-- CreateEmployee.ReadDatafromCommand -->
